<?xml version="1.0" encoding="UTF-8"?>
<!-- Generated by org.testng.reporters.JUnitXMLReporter -->
<testsuite ignored="2" hostname="SROTEM" failures="0" tests="1" name="Default test" time="3.462" errors="0" timestamp="2023-06-29T14:51:12 IDT">
  <testcase classname="ecommerceautomation.tests.E2EAutomation" name="e2e" time="3.433"/>
  <testcase classname="ecommerceautomation.tests.E2EAutomation" name="test" time="0.0">
    <ignored/>
  </testcase> <!-- test -->
  <testcase classname="ecommerceautomation.tests.E2EAutomation" name="deleteTest" time="0.0">
    <ignored/>
  </testcase> <!-- deleteTest -->
</testsuite> <!-- Default test -->
