<?xml version="1.0" encoding="UTF-8"?>
<!-- Generated by org.testng.reporters.JUnitXMLReporter -->
<testsuite ignored="2" hostname="SROTEM" failures="0" tests="1" name="Default test" time="2.382" errors="0" timestamp="2023-06-28T15:42:27 IDT">
  <testcase classname="ecommerceautomation.tests.E2EAutomation" name="getProductId" time="2.361"/>
  <testcase classname="ecommerceautomation.tests.E2EAutomation" name="test" time="0.0">
    <ignored/>
  </testcase> <!-- test -->
  <testcase classname="ecommerceautomation.tests.E2EAutomation" name="e2e" time="0.0">
    <ignored/>
  </testcase> <!-- e2e -->
</testsuite> <!-- Default test -->
