<?xml version="1.0" encoding="UTF-8"?>
<testng-results ignored="1" total="2" passed="1" failed="0" skipped="0">
  <reporter-output>
  </reporter-output>
  <suite started-at="2023-06-28T15:14:42 IDT" name="Default suite" finished-at="2023-06-28T15:14:44 IDT" duration-ms="2424">
    <groups>
    </groups>
    <test started-at="2023-06-28T15:14:42 IDT" name="Default test" finished-at="2023-06-28T15:14:44 IDT" duration-ms="2424">
      <class name="ecommerceautomation.tests.E2EAutomation">
        <test-method signature="e2e()[pri:0, instance:ecommerceautomation.tests.E2EAutomation@4f8b4bd0]" started-at="2023-06-28T15:14:42 IDT" name="e2e" finished-at="2023-06-28T15:14:44 IDT" duration-ms="2400" status="PASS">
          <reporter-output>
          </reporter-output>
        </test-method> <!-- e2e -->
      </class> <!-- ecommerceautomation.tests.E2EAutomation -->
    </test> <!-- Default test -->
  </suite> <!-- Default suite -->
</testng-results>
